[2022-12-14 21:24:18,012] INFO Starting the log cleaner (kafka.log.LogCleaner)
[2022-12-14 21:24:18,063] INFO [kafka-log-cleaner-thread-0]: Starting (kafka.log.LogCleaner)
[2022-12-14 21:27:51,483] INFO Shutting down the log cleaner. (kafka.log.LogCleaner)
[2022-12-14 21:27:51,483] INFO [kafka-log-cleaner-thread-0]: Shutting down (kafka.log.LogCleaner)
[2022-12-14 21:27:51,483] INFO [kafka-log-cleaner-thread-0]: Stopped (kafka.log.LogCleaner)
[2022-12-14 21:27:51,483] INFO [kafka-log-cleaner-thread-0]: Shutdown completed (kafka.log.LogCleaner)
[2022-12-14 21:29:23,020] INFO Starting the log cleaner (kafka.log.LogCleaner)
[2022-12-14 21:29:23,066] INFO [kafka-log-cleaner-thread-0]: Starting (kafka.log.LogCleaner)
[2022-12-14 21:29:23,490] INFO Shutting down the log cleaner. (kafka.log.LogCleaner)
[2022-12-14 21:29:23,490] INFO [kafka-log-cleaner-thread-0]: Shutting down (kafka.log.LogCleaner)
[2022-12-14 21:29:23,491] INFO [kafka-log-cleaner-thread-0]: Stopped (kafka.log.LogCleaner)
[2022-12-14 21:29:23,491] INFO [kafka-log-cleaner-thread-0]: Shutdown completed (kafka.log.LogCleaner)
[2022-12-14 21:29:47,291] INFO Starting the log cleaner (kafka.log.LogCleaner)
[2022-12-14 21:29:47,333] INFO [kafka-log-cleaner-thread-0]: Starting (kafka.log.LogCleaner)
[2022-12-14 21:41:11,101] INFO Starting the log cleaner (kafka.log.LogCleaner)
[2022-12-14 21:41:11,148] INFO [kafka-log-cleaner-thread-0]: Starting (kafka.log.LogCleaner)
[2022-12-14 22:02:16,737] INFO Starting the log cleaner (kafka.log.LogCleaner)
[2022-12-14 22:02:16,779] INFO [kafka-log-cleaner-thread-0]: Starting (kafka.log.LogCleaner)
[2022-12-14 22:02:17,145] INFO Shutting down the log cleaner. (kafka.log.LogCleaner)
[2022-12-14 22:02:17,145] INFO [kafka-log-cleaner-thread-0]: Shutting down (kafka.log.LogCleaner)
[2022-12-14 22:02:17,146] INFO [kafka-log-cleaner-thread-0]: Stopped (kafka.log.LogCleaner)
[2022-12-14 22:02:17,146] INFO [kafka-log-cleaner-thread-0]: Shutdown completed (kafka.log.LogCleaner)
[2022-12-14 22:03:01,544] INFO Starting the log cleaner (kafka.log.LogCleaner)
[2022-12-14 22:03:01,586] INFO [kafka-log-cleaner-thread-0]: Starting (kafka.log.LogCleaner)
