[2022-12-14 21:24:18,624] INFO [Controller id=0 epoch=1] Sending UpdateMetadata request to brokers HashSet(0) for 0 partitions (state.change.logger)
[2022-12-14 21:27:51,422] INFO [Controller id=0 epoch=1] Sending UpdateMetadata request to brokers HashSet() for 0 partitions (state.change.logger)
[2022-12-14 21:29:47,793] INFO [Controller id=0 epoch=2] Sending UpdateMetadata request to brokers HashSet(0) for 0 partitions (state.change.logger)
[2022-12-14 21:41:11,646] INFO [Controller id=0 epoch=3] Sending UpdateMetadata request to brokers HashSet(0) for 0 partitions (state.change.logger)
[2022-12-14 21:41:19,156] INFO [Controller id=0 epoch=3] Changed partition tutorialspedia-0 state from NonExistentPartition to NewPartition with assigned replicas 0 (state.change.logger)
[2022-12-14 21:41:19,157] INFO [Controller id=0 epoch=3] Sending UpdateMetadata request to brokers HashSet() for 0 partitions (state.change.logger)
[2022-12-14 21:41:19,159] INFO [Controller id=0 epoch=3] Sending UpdateMetadata request to brokers HashSet() for 0 partitions (state.change.logger)
[2022-12-14 21:41:19,185] INFO [Controller id=0 epoch=3] Changed partition tutorialspedia-0 from NewPartition to OnlinePartition with state LeaderAndIsr(leader=0, leaderEpoch=0, isr=List(0), leaderRecoveryState=RECOVERED, partitionEpoch=0) (state.change.logger)
[2022-12-14 21:41:19,186] INFO [Controller id=0 epoch=3] Sending LeaderAndIsr request to broker 0 with 1 become-leader and 0 become-follower partitions (state.change.logger)
[2022-12-14 21:41:19,188] INFO [Controller id=0 epoch=3] Sending UpdateMetadata request to brokers HashSet(0) for 1 partitions (state.change.logger)
[2022-12-14 21:41:19,188] INFO [Controller id=0 epoch=3] Sending UpdateMetadata request to brokers HashSet() for 0 partitions (state.change.logger)
[2022-12-14 21:41:19,191] INFO [Broker id=0] Handling LeaderAndIsr request correlationId 1 from controller 0 for 1 partitions (state.change.logger)
[2022-12-14 21:41:19,206] INFO [Broker id=0] Stopped fetchers as part of LeaderAndIsr request correlationId 1 from controller 0 epoch 3 as part of the become-leader transition for 1 partitions (state.change.logger)
[2022-12-14 21:41:19,254] INFO [Broker id=0] Leader tutorialspedia-0 with topic id Some(jasa-FabTXCtfFiWVzOAuQ) starts at leader epoch 0 from offset 0 with partition epoch 0, high watermark 0, ISR [0], adding replicas [] and removing replicas []. Previous leader epoch was -1. (state.change.logger)
[2022-12-14 21:41:19,268] INFO [Broker id=0] Finished LeaderAndIsr request in 78ms correlationId 1 from controller 0 for 1 partitions (state.change.logger)
[2022-12-14 21:41:19,273] INFO [Broker id=0] Add 1 partitions and deleted 0 partitions from metadata cache in response to UpdateMetadata request sent by controller 0 epoch 3 with correlation id 2 (state.change.logger)
[2022-12-14 21:48:53,984] INFO [Controller id=0 epoch=3] Changed partition secondtopic-0 state from NonExistentPartition to NewPartition with assigned replicas 0 (state.change.logger)
[2022-12-14 21:48:53,984] INFO [Controller id=0 epoch=3] Sending UpdateMetadata request to brokers HashSet() for 0 partitions (state.change.logger)
[2022-12-14 21:48:53,985] INFO [Controller id=0 epoch=3] Sending UpdateMetadata request to brokers HashSet() for 0 partitions (state.change.logger)
[2022-12-14 21:48:53,997] INFO [Controller id=0 epoch=3] Changed partition secondtopic-0 from NewPartition to OnlinePartition with state LeaderAndIsr(leader=0, leaderEpoch=0, isr=List(0), leaderRecoveryState=RECOVERED, partitionEpoch=0) (state.change.logger)
[2022-12-14 21:48:53,997] INFO [Controller id=0 epoch=3] Sending LeaderAndIsr request to broker 0 with 1 become-leader and 0 become-follower partitions (state.change.logger)
[2022-12-14 21:48:53,997] INFO [Controller id=0 epoch=3] Sending UpdateMetadata request to brokers HashSet(0) for 1 partitions (state.change.logger)
[2022-12-14 21:48:53,997] INFO [Controller id=0 epoch=3] Sending UpdateMetadata request to brokers HashSet() for 0 partitions (state.change.logger)
[2022-12-14 21:48:53,998] INFO [Broker id=0] Handling LeaderAndIsr request correlationId 3 from controller 0 for 1 partitions (state.change.logger)
[2022-12-14 21:48:54,000] INFO [Broker id=0] Stopped fetchers as part of LeaderAndIsr request correlationId 3 from controller 0 epoch 3 as part of the become-leader transition for 1 partitions (state.change.logger)
[2022-12-14 21:48:54,019] INFO [Broker id=0] Leader secondtopic-0 with topic id Some(8JWG2GN5Rja7YegD6ZRJ2g) starts at leader epoch 0 from offset 0 with partition epoch 0, high watermark 0, ISR [0], adding replicas [] and removing replicas []. Previous leader epoch was -1. (state.change.logger)
[2022-12-14 21:48:54,027] INFO [Broker id=0] Finished LeaderAndIsr request in 29ms correlationId 3 from controller 0 for 1 partitions (state.change.logger)
[2022-12-14 21:48:54,029] INFO [Broker id=0] Add 1 partitions and deleted 0 partitions from metadata cache in response to UpdateMetadata request sent by controller 0 epoch 3 with correlation id 4 (state.change.logger)
[2022-12-14 21:59:40,341] INFO [Controller id=0 epoch=3] Changed partition __consumer_offsets-22 state from NonExistentPartition to NewPartition with assigned replicas 0 (state.change.logger)
[2022-12-14 21:59:40,341] INFO [Controller id=0 epoch=3] Changed partition __consumer_offsets-30 state from NonExistentPartition to NewPartition with assigned replicas 0 (state.change.logger)
[2022-12-14 21:59:40,341] INFO [Controller id=0 epoch=3] Changed partition __consumer_offsets-25 state from NonExistentPartition to NewPartition with assigned replicas 0 (state.change.logger)
[2022-12-14 21:59:40,342] INFO [Controller id=0 epoch=3] Changed partition __consumer_offsets-35 state from NonExistentPartition to NewPartition with assigned replicas 0 (state.change.logger)
[2022-12-14 21:59:40,342] INFO [Controller id=0 epoch=3] Changed partition __consumer_offsets-37 state from NonExistentPartition to NewPartition with assigned replicas 0 (state.change.logger)
[2022-12-14 21:59:40,342] INFO [Controller id=0 epoch=3] Changed partition __consumer_offsets-38 state from NonExistentPartition to NewPartition with assigned replicas 0 (state.change.logger)
[2022-12-14 21:59:40,342] INFO [Controller id=0 epoch=3] Changed partition __consumer_offsets-13 state from NonExistentPartition to NewPartition with assigned replicas 0 (state.change.logger)
[2022-12-14 21:59:40,342] INFO [Controller id=0 epoch=3] Changed partition __consumer_offsets-8 state from NonExistentPartition to NewPartition with assigned replicas 0 (state.change.logger)
[2022-12-14 21:59:40,342] INFO [Controller id=0 epoch=3] Changed partition __consumer_offsets-21 state from NonExistentPartition to NewPartition with assigned replicas 0 (state.change.logger)
[2022-12-14 21:59:40,342] INFO [Controller id=0 epoch=3] Changed partition __consumer_offsets-4 state from NonExistentPartition to NewPartition with assigned replicas 0 (state.change.logger)
[2022-12-14 21:59:40,342] INFO [Controller id=0 epoch=3] Changed partition __consumer_offsets-27 state from NonExistentPartition to NewPartition with assigned replicas 0 (state.change.logger)
[2022-12-14 21:59:40,342] INFO [Controller id=0 epoch=3] Changed partition __consumer_offsets-7 state from NonExistentPartition to NewPartition with assigned replicas 0 (state.change.logger)
[2022-12-14 21:59:40,342] INFO [Controller id=0 epoch=3] Changed partition __consumer_offsets-9 state from NonExistentPartition to NewPartition with assigned replicas 0 (state.change.logger)
[2022-12-14 21:59:40,342] INFO [Controller id=0 epoch=3] Changed partition __consumer_offsets-46 state from NonExistentPartition to NewPartition with assigned replicas 0 (state.change.logger)
[2022-12-14 21:59:40,342] INFO [Controller id=0 epoch=3] Changed partition __consumer_offsets-41 state from NonExistentPartition to NewPartition with assigned replicas 0 (state.change.logger)
[2022-12-14 21:59:40,342] INFO [Controller id=0 epoch=3] Changed partition __consumer_offsets-33 state from NonExistentPartition to NewPartition with assigned replicas 0 (state.change.logger)
[2022-12-14 21:59:40,342] INFO [Controller id=0 epoch=3] Changed partition __consumer_offsets-23 state from NonExistentPartition to NewPartition with assigned replicas 0 (state.change.logger)
[2022-12-14 21:59:40,342] INFO [Controller id=0 epoch=3] Changed partition __consumer_offsets-49 state from NonExistentPartition to NewPartition with assigned replicas 0 (state.change.logger)
[2022-12-14 21:59:40,342] INFO [Controller id=0 epoch=3] Changed partition __consumer_offsets-47 state from NonExistentPartition to NewPartition with assigned replicas 0 (state.change.logger)
[2022-12-14 21:59:40,343] INFO [Controller id=0 epoch=3] Changed partition __consumer_offsets-16 state from NonExistentPartition to NewPartition with assigned replicas 0 (state.change.logger)
[2022-12-14 21:59:40,343] INFO [Controller id=0 epoch=3] Changed partition __consumer_offsets-28 state from NonExistentPartition to NewPartition with assigned replicas 0 (state.change.logger)
[2022-12-14 21:59:40,343] INFO [Controller id=0 epoch=3] Changed partition __consumer_offsets-31 state from NonExistentPartition to NewPartition with assigned replicas 0 (state.change.logger)
[2022-12-14 21:59:40,343] INFO [Controller id=0 epoch=3] Changed partition __consumer_offsets-36 state from NonExistentPartition to NewPartition with assigned replicas 0 (state.change.logger)
[2022-12-14 21:59:40,343] INFO [Controller id=0 epoch=3] Changed partition __consumer_offsets-42 state from NonExistentPartition to NewPartition with assigned replicas 0 (state.change.logger)
[2022-12-14 21:59:40,343] INFO [Controller id=0 epoch=3] Changed partition __consumer_offsets-3 state from NonExistentPartition to NewPartition with assigned replicas 0 (state.change.logger)
[2022-12-14 21:59:40,343] INFO [Controller id=0 epoch=3] Changed partition __consumer_offsets-18 state from NonExistentPartition to NewPartition with assigned replicas 0 (state.change.logger)
[2022-12-14 21:59:40,343] INFO [Controller id=0 epoch=3] Changed partition __consumer_offsets-15 state from NonExistentPartition to NewPartition with assigned replicas 0 (state.change.logger)
[2022-12-14 21:59:40,343] INFO [Controller id=0 epoch=3] Changed partition __consumer_offsets-24 state from NonExistentPartition to NewPartition with assigned replicas 0 (state.change.logger)
[2022-12-14 21:59:40,343] INFO [Controller id=0 epoch=3] Changed partition __consumer_offsets-17 state from NonExistentPartition to NewPartition with assigned replicas 0 (state.change.logger)
[2022-12-14 21:59:40,343] INFO [Controller id=0 epoch=3] Changed partition __consumer_offsets-48 state from NonExistentPartition to NewPartition with assigned replicas 0 (state.change.logger)
[2022-12-14 21:59:40,343] INFO [Controller id=0 epoch=3] Changed partition __consumer_offsets-19 state from NonExistentPartition to NewPartition with assigned replicas 0 (state.change.logger)
[2022-12-14 21:59:40,343] INFO [Controller id=0 epoch=3] Changed partition __consumer_offsets-11 state from NonExistentPartition to NewPartition with assigned replicas 0 (state.change.logger)
[2022-12-14 21:59:40,343] INFO [Controller id=0 epoch=3] Changed partition __consumer_offsets-2 state from NonExistentPartition to NewPartition with assigned replicas 0 (state.change.logger)
[2022-12-14 21:59:40,343] INFO [Controller id=0 epoch=3] Changed partition __consumer_offsets-43 state from NonExistentPartition to NewPartition with assigned replicas 0 (state.change.logger)
[2022-12-14 21:59:40,343] INFO [Controller id=0 epoch=3] Changed partition __consumer_offsets-6 state from NonExistentPartition to NewPartition with assigned replicas 0 (state.change.logger)
[2022-12-14 21:59:40,344] INFO [Controller id=0 epoch=3] Changed partition __consumer_offsets-14 state from NonExistentPartition to NewPartition with assigned replicas 0 (state.change.logger)
[2022-12-14 21:59:40,344] INFO [Controller id=0 epoch=3] Changed partition __consumer_offsets-20 state from NonExistentPartition to NewPartition with assigned replicas 0 (state.change.logger)
[2022-12-14 21:59:40,344] INFO [Controller id=0 epoch=3] Changed partition __consumer_offsets-0 state from NonExistentPartition to NewPartition with assigned replicas 0 (state.change.logger)
[2022-12-14 21:59:40,344] INFO [Controller id=0 epoch=3] Changed partition __consumer_offsets-44 state from NonExistentPartition to NewPartition with assigned replicas 0 (state.change.logger)
[2022-12-14 21:59:40,344] INFO [Controller id=0 epoch=3] Changed partition __consumer_offsets-39 state from NonExistentPartition to NewPartition with assigned replicas 0 (state.change.logger)
[2022-12-14 21:59:40,344] INFO [Controller id=0 epoch=3] Changed partition __consumer_offsets-12 state from NonExistentPartition to NewPartition with assigned replicas 0 (state.change.logger)
[2022-12-14 21:59:40,344] INFO [Controller id=0 epoch=3] Changed partition __consumer_offsets-45 state from NonExistentPartition to NewPartition with assigned replicas 0 (state.change.logger)
[2022-12-14 21:59:40,344] INFO [Controller id=0 epoch=3] Changed partition __consumer_offsets-1 state from NonExistentPartition to NewPartition with assigned replicas 0 (state.change.logger)
[2022-12-14 21:59:40,344] INFO [Controller id=0 epoch=3] Changed partition __consumer_offsets-5 state from NonExistentPartition to NewPartition with assigned replicas 0 (state.change.logger)
[2022-12-14 21:59:40,344] INFO [Controller id=0 epoch=3] Changed partition __consumer_offsets-26 state from NonExistentPartition to NewPartition with assigned replicas 0 (state.change.logger)
[2022-12-14 21:59:40,344] INFO [Controller id=0 epoch=3] Changed partition __consumer_offsets-29 state from NonExistentPartition to NewPartition with assigned replicas 0 (state.change.logger)
[2022-12-14 21:59:40,344] INFO [Controller id=0 epoch=3] Changed partition __consumer_offsets-34 state from NonExistentPartition to NewPartition with assigned replicas 0 (state.change.logger)
[2022-12-14 21:59:40,344] INFO [Controller id=0 epoch=3] Changed partition __consumer_offsets-10 state from NonExistentPartition to NewPartition with assigned replicas 0 (state.change.logger)
[2022-12-14 21:59:40,344] INFO [Controller id=0 epoch=3] Changed partition __consumer_offsets-32 state from NonExistentPartition to NewPartition with assigned replicas 0 (state.change.logger)
[2022-12-14 21:59:40,345] INFO [Controller id=0 epoch=3] Changed partition __consumer_offsets-40 state from NonExistentPartition to NewPartition with assigned replicas 0 (state.change.logger)
[2022-12-14 21:59:40,345] INFO [Controller id=0 epoch=3] Sending UpdateMetadata request to brokers HashSet() for 0 partitions (state.change.logger)
[2022-12-14 21:59:40,347] INFO [Controller id=0 epoch=3] Sending UpdateMetadata request to brokers HashSet() for 0 partitions (state.change.logger)
[2022-12-14 21:59:40,447] INFO [Controller id=0 epoch=3] Changed partition __consumer_offsets-22 from NewPartition to OnlinePartition with state LeaderAndIsr(leader=0, leaderEpoch=0, isr=List(0), leaderRecoveryState=RECOVERED, partitionEpoch=0) (state.change.logger)
[2022-12-14 21:59:40,447] INFO [Controller id=0 epoch=3] Changed partition __consumer_offsets-30 from NewPartition to OnlinePartition with state LeaderAndIsr(leader=0, leaderEpoch=0, isr=List(0), leaderRecoveryState=RECOVERED, partitionEpoch=0) (state.change.logger)
[2022-12-14 21:59:40,447] INFO [Controller id=0 epoch=3] Changed partition __consumer_offsets-25 from NewPartition to OnlinePartition with state LeaderAndIsr(leader=0, leaderEpoch=0, isr=List(0), leaderRecoveryState=RECOVERED, partitionEpoch=0) (state.change.logger)
[2022-12-14 21:59:40,447] INFO [Controller id=0 epoch=3] Changed partition __consumer_offsets-35 from NewPartition to OnlinePartition with state LeaderAndIsr(leader=0, leaderEpoch=0, isr=List(0), leaderRecoveryState=RECOVERED, partitionEpoch=0) (state.change.logger)
[2022-12-14 21:59:40,447] INFO [Controller id=0 epoch=3] Changed partition __consumer_offsets-37 from NewPartition to OnlinePartition with state LeaderAndIsr(leader=0, leaderEpoch=0, isr=List(0), leaderRecoveryState=RECOVERED, partitionEpoch=0) (state.change.logger)
[2022-12-14 21:59:40,447] INFO [Controller id=0 epoch=3] Changed partition __consumer_offsets-38 from NewPartition to OnlinePartition with state LeaderAndIsr(leader=0, leaderEpoch=0, isr=List(0), leaderRecoveryState=RECOVERED, partitionEpoch=0) (state.change.logger)
[2022-12-14 21:59:40,448] INFO [Controller id=0 epoch=3] Changed partition __consumer_offsets-13 from NewPartition to OnlinePartition with state LeaderAndIsr(leader=0, leaderEpoch=0, isr=List(0), leaderRecoveryState=RECOVERED, partitionEpoch=0) (state.change.logger)
[2022-12-14 21:59:40,448] INFO [Controller id=0 epoch=3] Changed partition __consumer_offsets-8 from NewPartition to OnlinePartition with state LeaderAndIsr(leader=0, leaderEpoch=0, isr=List(0), leaderRecoveryState=RECOVERED, partitionEpoch=0) (state.change.logger)
[2022-12-14 21:59:40,448] INFO [Controller id=0 epoch=3] Changed partition __consumer_offsets-21 from NewPartition to OnlinePartition with state LeaderAndIsr(leader=0, leaderEpoch=0, isr=List(0), leaderRecoveryState=RECOVERED, partitionEpoch=0) (state.change.logger)
[2022-12-14 21:59:40,448] INFO [Controller id=0 epoch=3] Changed partition __consumer_offsets-4 from NewPartition to OnlinePartition with state LeaderAndIsr(leader=0, leaderEpoch=0, isr=List(0), leaderRecoveryState=RECOVERED, partitionEpoch=0) (state.change.logger)
[2022-12-14 21:59:40,448] INFO [Controller id=0 epoch=3] Changed partition __consumer_offsets-27 from NewPartition to OnlinePartition with state LeaderAndIsr(leader=0, leaderEpoch=0, isr=List(0), leaderRecoveryState=RECOVERED, partitionEpoch=0) (state.change.logger)
[2022-12-14 21:59:40,448] INFO [Controller id=0 epoch=3] Changed partition __consumer_offsets-7 from NewPartition to OnlinePartition with state LeaderAndIsr(leader=0, leaderEpoch=0, isr=List(0), leaderRecoveryState=RECOVERED, partitionEpoch=0) (state.change.logger)
[2022-12-14 21:59:40,448] INFO [Controller id=0 epoch=3] Changed partition __consumer_offsets-9 from NewPartition to OnlinePartition with state LeaderAndIsr(leader=0, leaderEpoch=0, isr=List(0), leaderRecoveryState=RECOVERED, partitionEpoch=0) (state.change.logger)
[2022-12-14 21:59:40,448] INFO [Controller id=0 epoch=3] Changed partition __consumer_offsets-46 from NewPartition to OnlinePartition with state LeaderAndIsr(leader=0, leaderEpoch=0, isr=List(0), leaderRecoveryState=RECOVERED, partitionEpoch=0) (state.change.logger)
[2022-12-14 21:59:40,448] INFO [Controller id=0 epoch=3] Changed partition __consumer_offsets-41 from NewPartition to OnlinePartition with state LeaderAndIsr(leader=0, leaderEpoch=0, isr=List(0), leaderRecoveryState=RECOVERED, partitionEpoch=0) (state.change.logger)
[2022-12-14 21:59:40,448] INFO [Controller id=0 epoch=3] Changed partition __consumer_offsets-33 from NewPartition to OnlinePartition with state LeaderAndIsr(leader=0, leaderEpoch=0, isr=List(0), leaderRecoveryState=RECOVERED, partitionEpoch=0) (state.change.logger)
[2022-12-14 21:59:40,448] INFO [Controller id=0 epoch=3] Changed partition __consumer_offsets-23 from NewPartition to OnlinePartition with state LeaderAndIsr(leader=0, leaderEpoch=0, isr=List(0), leaderRecoveryState=RECOVERED, partitionEpoch=0) (state.change.logger)
[2022-12-14 21:59:40,448] INFO [Controller id=0 epoch=3] Changed partition __consumer_offsets-49 from NewPartition to OnlinePartition with state LeaderAndIsr(leader=0, leaderEpoch=0, isr=List(0), leaderRecoveryState=RECOVERED, partitionEpoch=0) (state.change.logger)
[2022-12-14 21:59:40,448] INFO [Controller id=0 epoch=3] Changed partition __consumer_offsets-47 from NewPartition to OnlinePartition with state LeaderAndIsr(leader=0, leaderEpoch=0, isr=List(0), leaderRecoveryState=RECOVERED, partitionEpoch=0) (state.change.logger)
[2022-12-14 21:59:40,448] INFO [Controller id=0 epoch=3] Changed partition __consumer_offsets-16 from NewPartition to OnlinePartition with state LeaderAndIsr(leader=0, leaderEpoch=0, isr=List(0), leaderRecoveryState=RECOVERED, partitionEpoch=0) (state.change.logger)
[2022-12-14 21:59:40,448] INFO [Controller id=0 epoch=3] Changed partition __consumer_offsets-28 from NewPartition to OnlinePartition with state LeaderAndIsr(leader=0, leaderEpoch=0, isr=List(0), leaderRecoveryState=RECOVERED, partitionEpoch=0) (state.change.logger)
[2022-12-14 21:59:40,448] INFO [Controller id=0 epoch=3] Changed partition __consumer_offsets-31 from NewPartition to OnlinePartition with state LeaderAndIsr(leader=0, leaderEpoch=0, isr=List(0), leaderRecoveryState=RECOVERED, partitionEpoch=0) (state.change.logger)
[2022-12-14 21:59:40,448] INFO [Controller id=0 epoch=3] Changed partition __consumer_offsets-36 from NewPartition to OnlinePartition with state LeaderAndIsr(leader=0, leaderEpoch=0, isr=List(0), leaderRecoveryState=RECOVERED, partitionEpoch=0) (state.change.logger)
[2022-12-14 21:59:40,448] INFO [Controller id=0 epoch=3] Changed partition __consumer_offsets-42 from NewPartition to OnlinePartition with state LeaderAndIsr(leader=0, leaderEpoch=0, isr=List(0), leaderRecoveryState=RECOVERED, partitionEpoch=0) (state.change.logger)
[2022-12-14 21:59:40,448] INFO [Controller id=0 epoch=3] Changed partition __consumer_offsets-3 from NewPartition to OnlinePartition with state LeaderAndIsr(leader=0, leaderEpoch=0, isr=List(0), leaderRecoveryState=RECOVERED, partitionEpoch=0) (state.change.logger)
[2022-12-14 21:59:40,448] INFO [Controller id=0 epoch=3] Changed partition __consumer_offsets-18 from NewPartition to OnlinePartition with state LeaderAndIsr(leader=0, leaderEpoch=0, isr=List(0), leaderRecoveryState=RECOVERED, partitionEpoch=0) (state.change.logger)
[2022-12-14 21:59:40,448] INFO [Controller id=0 epoch=3] Changed partition __consumer_offsets-15 from NewPartition to OnlinePartition with state LeaderAndIsr(leader=0, leaderEpoch=0, isr=List(0), leaderRecoveryState=RECOVERED, partitionEpoch=0) (state.change.logger)
[2022-12-14 21:59:40,448] INFO [Controller id=0 epoch=3] Changed partition __consumer_offsets-24 from NewPartition to OnlinePartition with state LeaderAndIsr(leader=0, leaderEpoch=0, isr=List(0), leaderRecoveryState=RECOVERED, partitionEpoch=0) (state.change.logger)
[2022-12-14 21:59:40,448] INFO [Controller id=0 epoch=3] Changed partition __consumer_offsets-17 from NewPartition to OnlinePartition with state LeaderAndIsr(leader=0, leaderEpoch=0, isr=List(0), leaderRecoveryState=RECOVERED, partitionEpoch=0) (state.change.logger)
[2022-12-14 21:59:40,448] INFO [Controller id=0 epoch=3] Changed partition __consumer_offsets-48 from NewPartition to OnlinePartition with state LeaderAndIsr(leader=0, leaderEpoch=0, isr=List(0), leaderRecoveryState=RECOVERED, partitionEpoch=0) (state.change.logger)
[2022-12-14 21:59:40,449] INFO [Controller id=0 epoch=3] Changed partition __consumer_offsets-19 from NewPartition to OnlinePartition with state LeaderAndIsr(leader=0, leaderEpoch=0, isr=List(0), leaderRecoveryState=RECOVERED, partitionEpoch=0) (state.change.logger)
[2022-12-14 21:59:40,449] INFO [Controller id=0 epoch=3] Changed partition __consumer_offsets-11 from NewPartition to OnlinePartition with state LeaderAndIsr(leader=0, leaderEpoch=0, isr=List(0), leaderRecoveryState=RECOVERED, partitionEpoch=0) (state.change.logger)
[2022-12-14 21:59:40,449] INFO [Controller id=0 epoch=3] Changed partition __consumer_offsets-2 from NewPartition to OnlinePartition with state LeaderAndIsr(leader=0, leaderEpoch=0, isr=List(0), leaderRecoveryState=RECOVERED, partitionEpoch=0) (state.change.logger)
[2022-12-14 21:59:40,449] INFO [Controller id=0 epoch=3] Changed partition __consumer_offsets-43 from NewPartition to OnlinePartition with state LeaderAndIsr(leader=0, leaderEpoch=0, isr=List(0), leaderRecoveryState=RECOVERED, partitionEpoch=0) (state.change.logger)
[2022-12-14 21:59:40,449] INFO [Controller id=0 epoch=3] Changed partition __consumer_offsets-6 from NewPartition to OnlinePartition with state LeaderAndIsr(leader=0, leaderEpoch=0, isr=List(0), leaderRecoveryState=RECOVERED, partitionEpoch=0) (state.change.logger)
[2022-12-14 21:59:40,449] INFO [Controller id=0 epoch=3] Changed partition __consumer_offsets-14 from NewPartition to OnlinePartition with state LeaderAndIsr(leader=0, leaderEpoch=0, isr=List(0), leaderRecoveryState=RECOVERED, partitionEpoch=0) (state.change.logger)
[2022-12-14 21:59:40,449] INFO [Controller id=0 epoch=3] Changed partition __consumer_offsets-20 from NewPartition to OnlinePartition with state LeaderAndIsr(leader=0, leaderEpoch=0, isr=List(0), leaderRecoveryState=RECOVERED, partitionEpoch=0) (state.change.logger)
[2022-12-14 21:59:40,449] INFO [Controller id=0 epoch=3] Changed partition __consumer_offsets-0 from NewPartition to OnlinePartition with state LeaderAndIsr(leader=0, leaderEpoch=0, isr=List(0), leaderRecoveryState=RECOVERED, partitionEpoch=0) (state.change.logger)
[2022-12-14 21:59:40,449] INFO [Controller id=0 epoch=3] Changed partition __consumer_offsets-44 from NewPartition to OnlinePartition with state LeaderAndIsr(leader=0, leaderEpoch=0, isr=List(0), leaderRecoveryState=RECOVERED, partitionEpoch=0) (state.change.logger)
[2022-12-14 21:59:40,449] INFO [Controller id=0 epoch=3] Changed partition __consumer_offsets-39 from NewPartition to OnlinePartition with state LeaderAndIsr(leader=0, leaderEpoch=0, isr=List(0), leaderRecoveryState=RECOVERED, partitionEpoch=0) (state.change.logger)
[2022-12-14 21:59:40,449] INFO [Controller id=0 epoch=3] Changed partition __consumer_offsets-12 from NewPartition to OnlinePartition with state LeaderAndIsr(leader=0, leaderEpoch=0, isr=List(0), leaderRecoveryState=RECOVERED, partitionEpoch=0) (state.change.logger)
[2022-12-14 21:59:40,449] INFO [Controller id=0 epoch=3] Changed partition __consumer_offsets-45 from NewPartition to OnlinePartition with state LeaderAndIsr(leader=0, leaderEpoch=0, isr=List(0), leaderRecoveryState=RECOVERED, partitionEpoch=0) (state.change.logger)
[2022-12-14 21:59:40,449] INFO [Controller id=0 epoch=3] Changed partition __consumer_offsets-1 from NewPartition to OnlinePartition with state LeaderAndIsr(leader=0, leaderEpoch=0, isr=List(0), leaderRecoveryState=RECOVERED, partitionEpoch=0) (state.change.logger)
[2022-12-14 21:59:40,449] INFO [Controller id=0 epoch=3] Changed partition __consumer_offsets-5 from NewPartition to OnlinePartition with state LeaderAndIsr(leader=0, leaderEpoch=0, isr=List(0), leaderRecoveryState=RECOVERED, partitionEpoch=0) (state.change.logger)
[2022-12-14 21:59:40,449] INFO [Controller id=0 epoch=3] Changed partition __consumer_offsets-26 from NewPartition to OnlinePartition with state LeaderAndIsr(leader=0, leaderEpoch=0, isr=List(0), leaderRecoveryState=RECOVERED, partitionEpoch=0) (state.change.logger)
[2022-12-14 21:59:40,449] INFO [Controller id=0 epoch=3] Changed partition __consumer_offsets-29 from NewPartition to OnlinePartition with state LeaderAndIsr(leader=0, leaderEpoch=0, isr=List(0), leaderRecoveryState=RECOVERED, partitionEpoch=0) (state.change.logger)
[2022-12-14 21:59:40,449] INFO [Controller id=0 epoch=3] Changed partition __consumer_offsets-34 from NewPartition to OnlinePartition with state LeaderAndIsr(leader=0, leaderEpoch=0, isr=List(0), leaderRecoveryState=RECOVERED, partitionEpoch=0) (state.change.logger)
[2022-12-14 21:59:40,449] INFO [Controller id=0 epoch=3] Changed partition __consumer_offsets-10 from NewPartition to OnlinePartition with state LeaderAndIsr(leader=0, leaderEpoch=0, isr=List(0), leaderRecoveryState=RECOVERED, partitionEpoch=0) (state.change.logger)
[2022-12-14 21:59:40,449] INFO [Controller id=0 epoch=3] Changed partition __consumer_offsets-32 from NewPartition to OnlinePartition with state LeaderAndIsr(leader=0, leaderEpoch=0, isr=List(0), leaderRecoveryState=RECOVERED, partitionEpoch=0) (state.change.logger)
[2022-12-14 21:59:40,449] INFO [Controller id=0 epoch=3] Changed partition __consumer_offsets-40 from NewPartition to OnlinePartition with state LeaderAndIsr(leader=0, leaderEpoch=0, isr=List(0), leaderRecoveryState=RECOVERED, partitionEpoch=0) (state.change.logger)
[2022-12-14 21:59:40,449] INFO [Controller id=0 epoch=3] Sending LeaderAndIsr request to broker 0 with 50 become-leader and 0 become-follower partitions (state.change.logger)
[2022-12-14 21:59:40,450] INFO [Controller id=0 epoch=3] Sending UpdateMetadata request to brokers HashSet(0) for 50 partitions (state.change.logger)
[2022-12-14 21:59:40,452] INFO [Controller id=0 epoch=3] Sending UpdateMetadata request to brokers HashSet() for 0 partitions (state.change.logger)
[2022-12-14 21:59:40,457] INFO [Broker id=0] Handling LeaderAndIsr request correlationId 5 from controller 0 for 50 partitions (state.change.logger)
[2022-12-14 21:59:40,491] INFO [Broker id=0] Stopped fetchers as part of LeaderAndIsr request correlationId 5 from controller 0 epoch 3 as part of the become-leader transition for 50 partitions (state.change.logger)
[2022-12-14 21:59:40,511] INFO [Broker id=0] Leader __consumer_offsets-3 with topic id Some(eqb4Pt6HR2urNEZzhhsXVQ) starts at leader epoch 0 from offset 0 with partition epoch 0, high watermark 0, ISR [0], adding replicas [] and removing replicas []. Previous leader epoch was -1. (state.change.logger)
[2022-12-14 21:59:40,527] INFO [Broker id=0] Leader __consumer_offsets-18 with topic id Some(eqb4Pt6HR2urNEZzhhsXVQ) starts at leader epoch 0 from offset 0 with partition epoch 0, high watermark 0, ISR [0], adding replicas [] and removing replicas []. Previous leader epoch was -1. (state.change.logger)
[2022-12-14 21:59:40,546] INFO [Broker id=0] Leader __consumer_offsets-41 with topic id Some(eqb4Pt6HR2urNEZzhhsXVQ) starts at leader epoch 0 from offset 0 with partition epoch 0, high watermark 0, ISR [0], adding replicas [] and removing replicas []. Previous leader epoch was -1. (state.change.logger)
[2022-12-14 21:59:40,563] INFO [Broker id=0] Leader __consumer_offsets-10 with topic id Some(eqb4Pt6HR2urNEZzhhsXVQ) starts at leader epoch 0 from offset 0 with partition epoch 0, high watermark 0, ISR [0], adding replicas [] and removing replicas []. Previous leader epoch was -1. (state.change.logger)
[2022-12-14 21:59:40,583] INFO [Broker id=0] Leader __consumer_offsets-33 with topic id Some(eqb4Pt6HR2urNEZzhhsXVQ) starts at leader epoch 0 from offset 0 with partition epoch 0, high watermark 0, ISR [0], adding replicas [] and removing replicas []. Previous leader epoch was -1. (state.change.logger)
[2022-12-14 21:59:40,606] INFO [Broker id=0] Leader __consumer_offsets-48 with topic id Some(eqb4Pt6HR2urNEZzhhsXVQ) starts at leader epoch 0 from offset 0 with partition epoch 0, high watermark 0, ISR [0], adding replicas [] and removing replicas []. Previous leader epoch was -1. (state.change.logger)
[2022-12-14 21:59:40,629] INFO [Broker id=0] Leader __consumer_offsets-19 with topic id Some(eqb4Pt6HR2urNEZzhhsXVQ) starts at leader epoch 0 from offset 0 with partition epoch 0, high watermark 0, ISR [0], adding replicas [] and removing replicas []. Previous leader epoch was -1. (state.change.logger)
[2022-12-14 21:59:40,653] INFO [Broker id=0] Leader __consumer_offsets-34 with topic id Some(eqb4Pt6HR2urNEZzhhsXVQ) starts at leader epoch 0 from offset 0 with partition epoch 0, high watermark 0, ISR [0], adding replicas [] and removing replicas []. Previous leader epoch was -1. (state.change.logger)
[2022-12-14 21:59:40,675] INFO [Broker id=0] Leader __consumer_offsets-4 with topic id Some(eqb4Pt6HR2urNEZzhhsXVQ) starts at leader epoch 0 from offset 0 with partition epoch 0, high watermark 0, ISR [0], adding replicas [] and removing replicas []. Previous leader epoch was -1. (state.change.logger)
[2022-12-14 21:59:40,702] INFO [Broker id=0] Leader __consumer_offsets-11 with topic id Some(eqb4Pt6HR2urNEZzhhsXVQ) starts at leader epoch 0 from offset 0 with partition epoch 0, high watermark 0, ISR [0], adding replicas [] and removing replicas []. Previous leader epoch was -1. (state.change.logger)
[2022-12-14 21:59:40,728] INFO [Broker id=0] Leader __consumer_offsets-26 with topic id Some(eqb4Pt6HR2urNEZzhhsXVQ) starts at leader epoch 0 from offset 0 with partition epoch 0, high watermark 0, ISR [0], adding replicas [] and removing replicas []. Previous leader epoch was -1. (state.change.logger)
[2022-12-14 21:59:40,747] INFO [Broker id=0] Leader __consumer_offsets-49 with topic id Some(eqb4Pt6HR2urNEZzhhsXVQ) starts at leader epoch 0 from offset 0 with partition epoch 0, high watermark 0, ISR [0], adding replicas [] and removing replicas []. Previous leader epoch was -1. (state.change.logger)
[2022-12-14 21:59:40,772] INFO [Broker id=0] Leader __consumer_offsets-39 with topic id Some(eqb4Pt6HR2urNEZzhhsXVQ) starts at leader epoch 0 from offset 0 with partition epoch 0, high watermark 0, ISR [0], adding replicas [] and removing replicas []. Previous leader epoch was -1. (state.change.logger)
[2022-12-14 21:59:40,793] INFO [Broker id=0] Leader __consumer_offsets-9 with topic id Some(eqb4Pt6HR2urNEZzhhsXVQ) starts at leader epoch 0 from offset 0 with partition epoch 0, high watermark 0, ISR [0], adding replicas [] and removing replicas []. Previous leader epoch was -1. (state.change.logger)
[2022-12-14 21:59:40,818] INFO [Broker id=0] Leader __consumer_offsets-24 with topic id Some(eqb4Pt6HR2urNEZzhhsXVQ) starts at leader epoch 0 from offset 0 with partition epoch 0, high watermark 0, ISR [0], adding replicas [] and removing replicas []. Previous leader epoch was -1. (state.change.logger)
[2022-12-14 21:59:40,841] INFO [Broker id=0] Leader __consumer_offsets-31 with topic id Some(eqb4Pt6HR2urNEZzhhsXVQ) starts at leader epoch 0 from offset 0 with partition epoch 0, high watermark 0, ISR [0], adding replicas [] and removing replicas []. Previous leader epoch was -1. (state.change.logger)
[2022-12-14 21:59:40,866] INFO [Broker id=0] Leader __consumer_offsets-46 with topic id Some(eqb4Pt6HR2urNEZzhhsXVQ) starts at leader epoch 0 from offset 0 with partition epoch 0, high watermark 0, ISR [0], adding replicas [] and removing replicas []. Previous leader epoch was -1. (state.change.logger)
[2022-12-14 21:59:40,890] INFO [Broker id=0] Leader __consumer_offsets-1 with topic id Some(eqb4Pt6HR2urNEZzhhsXVQ) starts at leader epoch 0 from offset 0 with partition epoch 0, high watermark 0, ISR [0], adding replicas [] and removing replicas []. Previous leader epoch was -1. (state.change.logger)
[2022-12-14 21:59:40,914] INFO [Broker id=0] Leader __consumer_offsets-16 with topic id Some(eqb4Pt6HR2urNEZzhhsXVQ) starts at leader epoch 0 from offset 0 with partition epoch 0, high watermark 0, ISR [0], adding replicas [] and removing replicas []. Previous leader epoch was -1. (state.change.logger)
[2022-12-14 21:59:40,940] INFO [Broker id=0] Leader __consumer_offsets-2 with topic id Some(eqb4Pt6HR2urNEZzhhsXVQ) starts at leader epoch 0 from offset 0 with partition epoch 0, high watermark 0, ISR [0], adding replicas [] and removing replicas []. Previous leader epoch was -1. (state.change.logger)
[2022-12-14 21:59:40,962] INFO [Broker id=0] Leader __consumer_offsets-25 with topic id Some(eqb4Pt6HR2urNEZzhhsXVQ) starts at leader epoch 0 from offset 0 with partition epoch 0, high watermark 0, ISR [0], adding replicas [] and removing replicas []. Previous leader epoch was -1. (state.change.logger)
[2022-12-14 21:59:40,988] INFO [Broker id=0] Leader __consumer_offsets-40 with topic id Some(eqb4Pt6HR2urNEZzhhsXVQ) starts at leader epoch 0 from offset 0 with partition epoch 0, high watermark 0, ISR [0], adding replicas [] and removing replicas []. Previous leader epoch was -1. (state.change.logger)
[2022-12-14 21:59:41,010] INFO [Broker id=0] Leader __consumer_offsets-47 with topic id Some(eqb4Pt6HR2urNEZzhhsXVQ) starts at leader epoch 0 from offset 0 with partition epoch 0, high watermark 0, ISR [0], adding replicas [] and removing replicas []. Previous leader epoch was -1. (state.change.logger)
[2022-12-14 21:59:41,033] INFO [Broker id=0] Leader __consumer_offsets-17 with topic id Some(eqb4Pt6HR2urNEZzhhsXVQ) starts at leader epoch 0 from offset 0 with partition epoch 0, high watermark 0, ISR [0], adding replicas [] and removing replicas []. Previous leader epoch was -1. (state.change.logger)
[2022-12-14 21:59:41,056] INFO [Broker id=0] Leader __consumer_offsets-32 with topic id Some(eqb4Pt6HR2urNEZzhhsXVQ) starts at leader epoch 0 from offset 0 with partition epoch 0, high watermark 0, ISR [0], adding replicas [] and removing replicas []. Previous leader epoch was -1. (state.change.logger)
[2022-12-14 21:59:41,075] INFO [Broker id=0] Leader __consumer_offsets-37 with topic id Some(eqb4Pt6HR2urNEZzhhsXVQ) starts at leader epoch 0 from offset 0 with partition epoch 0, high watermark 0, ISR [0], adding replicas [] and removing replicas []. Previous leader epoch was -1. (state.change.logger)
[2022-12-14 21:59:41,097] INFO [Broker id=0] Leader __consumer_offsets-7 with topic id Some(eqb4Pt6HR2urNEZzhhsXVQ) starts at leader epoch 0 from offset 0 with partition epoch 0, high watermark 0, ISR [0], adding replicas [] and removing replicas []. Previous leader epoch was -1. (state.change.logger)
[2022-12-14 21:59:41,116] INFO [Broker id=0] Leader __consumer_offsets-22 with topic id Some(eqb4Pt6HR2urNEZzhhsXVQ) starts at leader epoch 0 from offset 0 with partition epoch 0, high watermark 0, ISR [0], adding replicas [] and removing replicas []. Previous leader epoch was -1. (state.change.logger)
[2022-12-14 21:59:41,140] INFO [Broker id=0] Leader __consumer_offsets-29 with topic id Some(eqb4Pt6HR2urNEZzhhsXVQ) starts at leader epoch 0 from offset 0 with partition epoch 0, high watermark 0, ISR [0], adding replicas [] and removing replicas []. Previous leader epoch was -1. (state.change.logger)
[2022-12-14 21:59:41,165] INFO [Broker id=0] Leader __consumer_offsets-44 with topic id Some(eqb4Pt6HR2urNEZzhhsXVQ) starts at leader epoch 0 from offset 0 with partition epoch 0, high watermark 0, ISR [0], adding replicas [] and removing replicas []. Previous leader epoch was -1. (state.change.logger)
[2022-12-14 21:59:41,188] INFO [Broker id=0] Leader __consumer_offsets-14 with topic id Some(eqb4Pt6HR2urNEZzhhsXVQ) starts at leader epoch 0 from offset 0 with partition epoch 0, high watermark 0, ISR [0], adding replicas [] and removing replicas []. Previous leader epoch was -1. (state.change.logger)
[2022-12-14 21:59:41,214] INFO [Broker id=0] Leader __consumer_offsets-23 with topic id Some(eqb4Pt6HR2urNEZzhhsXVQ) starts at leader epoch 0 from offset 0 with partition epoch 0, high watermark 0, ISR [0], adding replicas [] and removing replicas []. Previous leader epoch was -1. (state.change.logger)
[2022-12-14 21:59:41,242] INFO [Broker id=0] Leader __consumer_offsets-38 with topic id Some(eqb4Pt6HR2urNEZzhhsXVQ) starts at leader epoch 0 from offset 0 with partition epoch 0, high watermark 0, ISR [0], adding replicas [] and removing replicas []. Previous leader epoch was -1. (state.change.logger)
[2022-12-14 21:59:41,266] INFO [Broker id=0] Leader __consumer_offsets-8 with topic id Some(eqb4Pt6HR2urNEZzhhsXVQ) starts at leader epoch 0 from offset 0 with partition epoch 0, high watermark 0, ISR [0], adding replicas [] and removing replicas []. Previous leader epoch was -1. (state.change.logger)
[2022-12-14 21:59:41,289] INFO [Broker id=0] Leader __consumer_offsets-45 with topic id Some(eqb4Pt6HR2urNEZzhhsXVQ) starts at leader epoch 0 from offset 0 with partition epoch 0, high watermark 0, ISR [0], adding replicas [] and removing replicas []. Previous leader epoch was -1. (state.change.logger)
[2022-12-14 21:59:41,313] INFO [Broker id=0] Leader __consumer_offsets-15 with topic id Some(eqb4Pt6HR2urNEZzhhsXVQ) starts at leader epoch 0 from offset 0 with partition epoch 0, high watermark 0, ISR [0], adding replicas [] and removing replicas []. Previous leader epoch was -1. (state.change.logger)
[2022-12-14 21:59:41,335] INFO [Broker id=0] Leader __consumer_offsets-30 with topic id Some(eqb4Pt6HR2urNEZzhhsXVQ) starts at leader epoch 0 from offset 0 with partition epoch 0, high watermark 0, ISR [0], adding replicas [] and removing replicas []. Previous leader epoch was -1. (state.change.logger)
[2022-12-14 21:59:41,360] INFO [Broker id=0] Leader __consumer_offsets-0 with topic id Some(eqb4Pt6HR2urNEZzhhsXVQ) starts at leader epoch 0 from offset 0 with partition epoch 0, high watermark 0, ISR [0], adding replicas [] and removing replicas []. Previous leader epoch was -1. (state.change.logger)
[2022-12-14 21:59:41,383] INFO [Broker id=0] Leader __consumer_offsets-35 with topic id Some(eqb4Pt6HR2urNEZzhhsXVQ) starts at leader epoch 0 from offset 0 with partition epoch 0, high watermark 0, ISR [0], adding replicas [] and removing replicas []. Previous leader epoch was -1. (state.change.logger)
[2022-12-14 21:59:41,401] INFO [Broker id=0] Leader __consumer_offsets-5 with topic id Some(eqb4Pt6HR2urNEZzhhsXVQ) starts at leader epoch 0 from offset 0 with partition epoch 0, high watermark 0, ISR [0], adding replicas [] and removing replicas []. Previous leader epoch was -1. (state.change.logger)
[2022-12-14 21:59:41,421] INFO [Broker id=0] Leader __consumer_offsets-20 with topic id Some(eqb4Pt6HR2urNEZzhhsXVQ) starts at leader epoch 0 from offset 0 with partition epoch 0, high watermark 0, ISR [0], adding replicas [] and removing replicas []. Previous leader epoch was -1. (state.change.logger)
[2022-12-14 21:59:41,437] INFO [Broker id=0] Leader __consumer_offsets-27 with topic id Some(eqb4Pt6HR2urNEZzhhsXVQ) starts at leader epoch 0 from offset 0 with partition epoch 0, high watermark 0, ISR [0], adding replicas [] and removing replicas []. Previous leader epoch was -1. (state.change.logger)
[2022-12-14 21:59:41,460] INFO [Broker id=0] Leader __consumer_offsets-42 with topic id Some(eqb4Pt6HR2urNEZzhhsXVQ) starts at leader epoch 0 from offset 0 with partition epoch 0, high watermark 0, ISR [0], adding replicas [] and removing replicas []. Previous leader epoch was -1. (state.change.logger)
[2022-12-14 21:59:41,476] INFO [Broker id=0] Leader __consumer_offsets-12 with topic id Some(eqb4Pt6HR2urNEZzhhsXVQ) starts at leader epoch 0 from offset 0 with partition epoch 0, high watermark 0, ISR [0], adding replicas [] and removing replicas []. Previous leader epoch was -1. (state.change.logger)
[2022-12-14 21:59:41,496] INFO [Broker id=0] Leader __consumer_offsets-21 with topic id Some(eqb4Pt6HR2urNEZzhhsXVQ) starts at leader epoch 0 from offset 0 with partition epoch 0, high watermark 0, ISR [0], adding replicas [] and removing replicas []. Previous leader epoch was -1. (state.change.logger)
[2022-12-14 21:59:41,515] INFO [Broker id=0] Leader __consumer_offsets-36 with topic id Some(eqb4Pt6HR2urNEZzhhsXVQ) starts at leader epoch 0 from offset 0 with partition epoch 0, high watermark 0, ISR [0], adding replicas [] and removing replicas []. Previous leader epoch was -1. (state.change.logger)
[2022-12-14 21:59:41,531] INFO [Broker id=0] Leader __consumer_offsets-6 with topic id Some(eqb4Pt6HR2urNEZzhhsXVQ) starts at leader epoch 0 from offset 0 with partition epoch 0, high watermark 0, ISR [0], adding replicas [] and removing replicas []. Previous leader epoch was -1. (state.change.logger)
[2022-12-14 21:59:41,551] INFO [Broker id=0] Leader __consumer_offsets-43 with topic id Some(eqb4Pt6HR2urNEZzhhsXVQ) starts at leader epoch 0 from offset 0 with partition epoch 0, high watermark 0, ISR [0], adding replicas [] and removing replicas []. Previous leader epoch was -1. (state.change.logger)
[2022-12-14 21:59:41,571] INFO [Broker id=0] Leader __consumer_offsets-13 with topic id Some(eqb4Pt6HR2urNEZzhhsXVQ) starts at leader epoch 0 from offset 0 with partition epoch 0, high watermark 0, ISR [0], adding replicas [] and removing replicas []. Previous leader epoch was -1. (state.change.logger)
[2022-12-14 21:59:41,589] INFO [Broker id=0] Leader __consumer_offsets-28 with topic id Some(eqb4Pt6HR2urNEZzhhsXVQ) starts at leader epoch 0 from offset 0 with partition epoch 0, high watermark 0, ISR [0], adding replicas [] and removing replicas []. Previous leader epoch was -1. (state.change.logger)
[2022-12-14 21:59:41,627] INFO [Broker id=0] Finished LeaderAndIsr request in 1170ms correlationId 5 from controller 0 for 50 partitions (state.change.logger)
[2022-12-14 21:59:41,629] INFO [Broker id=0] Add 50 partitions and deleted 0 partitions from metadata cache in response to UpdateMetadata request sent by controller 0 epoch 3 with correlation id 6 (state.change.logger)
[2022-12-14 22:03:02,049] INFO [Controller id=0 epoch=4] Sending UpdateMetadata request to brokers HashSet(0) for 0 partitions (state.change.logger)
[2022-12-14 22:03:02,094] INFO [Controller id=0 epoch=4] Sending LeaderAndIsr request to broker 0 with 52 become-leader and 0 become-follower partitions (state.change.logger)
[2022-12-14 22:03:02,097] INFO [Controller id=0 epoch=4] Sending UpdateMetadata request to brokers HashSet(0) for 52 partitions (state.change.logger)
[2022-12-14 22:03:02,145] INFO [Broker id=0] Handling LeaderAndIsr request correlationId 1 from controller 0 for 52 partitions (state.change.logger)
[2022-12-14 22:03:02,181] INFO [Broker id=0] Stopped fetchers as part of LeaderAndIsr request correlationId 1 from controller 0 epoch 4 as part of the become-leader transition for 52 partitions (state.change.logger)
[2022-12-14 22:03:02,194] INFO [Broker id=0] Leader __consumer_offsets-3 with topic id Some(eqb4Pt6HR2urNEZzhhsXVQ) starts at leader epoch 0 from offset 0 with partition epoch 0, high watermark 0, ISR [0], adding replicas [] and removing replicas []. Previous leader epoch was -1. (state.change.logger)
[2022-12-14 22:03:02,203] INFO [Broker id=0] Leader __consumer_offsets-18 with topic id Some(eqb4Pt6HR2urNEZzhhsXVQ) starts at leader epoch 0 from offset 0 with partition epoch 0, high watermark 0, ISR [0], adding replicas [] and removing replicas []. Previous leader epoch was -1. (state.change.logger)
[2022-12-14 22:03:02,210] INFO [Broker id=0] Leader __consumer_offsets-41 with topic id Some(eqb4Pt6HR2urNEZzhhsXVQ) starts at leader epoch 0 from offset 0 with partition epoch 0, high watermark 0, ISR [0], adding replicas [] and removing replicas []. Previous leader epoch was -1. (state.change.logger)
[2022-12-14 22:03:02,215] INFO [Broker id=0] Leader tutorialspedia-0 with topic id Some(jasa-FabTXCtfFiWVzOAuQ) starts at leader epoch 0 from offset 9 with partition epoch 0, high watermark 9, ISR [0], adding replicas [] and removing replicas []. Previous leader epoch was -1. (state.change.logger)
[2022-12-14 22:03:02,216] INFO [Broker id=0] Leader __consumer_offsets-10 with topic id Some(eqb4Pt6HR2urNEZzhhsXVQ) starts at leader epoch 0 from offset 0 with partition epoch 0, high watermark 0, ISR [0], adding replicas [] and removing replicas []. Previous leader epoch was -1. (state.change.logger)
[2022-12-14 22:03:02,221] INFO [Broker id=0] Leader __consumer_offsets-33 with topic id Some(eqb4Pt6HR2urNEZzhhsXVQ) starts at leader epoch 0 from offset 0 with partition epoch 0, high watermark 0, ISR [0], adding replicas [] and removing replicas []. Previous leader epoch was -1. (state.change.logger)
[2022-12-14 22:03:02,227] INFO [Broker id=0] Leader __consumer_offsets-48 with topic id Some(eqb4Pt6HR2urNEZzhhsXVQ) starts at leader epoch 0 from offset 0 with partition epoch 0, high watermark 0, ISR [0], adding replicas [] and removing replicas []. Previous leader epoch was -1. (state.change.logger)
[2022-12-14 22:03:02,232] INFO [Broker id=0] Leader __consumer_offsets-19 with topic id Some(eqb4Pt6HR2urNEZzhhsXVQ) starts at leader epoch 0 from offset 0 with partition epoch 0, high watermark 0, ISR [0], adding replicas [] and removing replicas []. Previous leader epoch was -1. (state.change.logger)
[2022-12-14 22:03:02,238] INFO [Broker id=0] Leader __consumer_offsets-34 with topic id Some(eqb4Pt6HR2urNEZzhhsXVQ) starts at leader epoch 0 from offset 0 with partition epoch 0, high watermark 0, ISR [0], adding replicas [] and removing replicas []. Previous leader epoch was -1. (state.change.logger)
[2022-12-14 22:03:02,243] INFO [Broker id=0] Leader __consumer_offsets-4 with topic id Some(eqb4Pt6HR2urNEZzhhsXVQ) starts at leader epoch 0 from offset 0 with partition epoch 0, high watermark 0, ISR [0], adding replicas [] and removing replicas []. Previous leader epoch was -1. (state.change.logger)
[2022-12-14 22:03:02,249] INFO [Broker id=0] Leader __consumer_offsets-11 with topic id Some(eqb4Pt6HR2urNEZzhhsXVQ) starts at leader epoch 0 from offset 0 with partition epoch 0, high watermark 0, ISR [0], adding replicas [] and removing replicas []. Previous leader epoch was -1. (state.change.logger)
[2022-12-14 22:03:02,256] INFO [Broker id=0] Leader __consumer_offsets-26 with topic id Some(eqb4Pt6HR2urNEZzhhsXVQ) starts at leader epoch 0 from offset 0 with partition epoch 0, high watermark 0, ISR [0], adding replicas [] and removing replicas []. Previous leader epoch was -1. (state.change.logger)
[2022-12-14 22:03:02,263] INFO [Broker id=0] Leader __consumer_offsets-49 with topic id Some(eqb4Pt6HR2urNEZzhhsXVQ) starts at leader epoch 0 from offset 0 with partition epoch 0, high watermark 0, ISR [0], adding replicas [] and removing replicas []. Previous leader epoch was -1. (state.change.logger)
[2022-12-14 22:03:02,285] INFO [Broker id=0] Leader secondtopic-0 with topic id Some(8JWG2GN5Rja7YegD6ZRJ2g) starts at leader epoch 0 from offset 0 with partition epoch 0, high watermark 0, ISR [0], adding replicas [] and removing replicas []. Previous leader epoch was -1. (state.change.logger)
[2022-12-14 22:03:02,294] INFO [Broker id=0] Leader __consumer_offsets-39 with topic id Some(eqb4Pt6HR2urNEZzhhsXVQ) starts at leader epoch 0 from offset 0 with partition epoch 0, high watermark 0, ISR [0], adding replicas [] and removing replicas []. Previous leader epoch was -1. (state.change.logger)
[2022-12-14 22:03:02,302] INFO [Broker id=0] Leader __consumer_offsets-9 with topic id Some(eqb4Pt6HR2urNEZzhhsXVQ) starts at leader epoch 0 from offset 0 with partition epoch 0, high watermark 0, ISR [0], adding replicas [] and removing replicas []. Previous leader epoch was -1. (state.change.logger)
[2022-12-14 22:03:02,310] INFO [Broker id=0] Leader __consumer_offsets-24 with topic id Some(eqb4Pt6HR2urNEZzhhsXVQ) starts at leader epoch 0 from offset 0 with partition epoch 0, high watermark 0, ISR [0], adding replicas [] and removing replicas []. Previous leader epoch was -1. (state.change.logger)
[2022-12-14 22:03:02,318] INFO [Broker id=0] Leader __consumer_offsets-31 with topic id Some(eqb4Pt6HR2urNEZzhhsXVQ) starts at leader epoch 0 from offset 0 with partition epoch 0, high watermark 0, ISR [0], adding replicas [] and removing replicas []. Previous leader epoch was -1. (state.change.logger)
[2022-12-14 22:03:02,329] INFO [Broker id=0] Leader __consumer_offsets-46 with topic id Some(eqb4Pt6HR2urNEZzhhsXVQ) starts at leader epoch 0 from offset 0 with partition epoch 0, high watermark 0, ISR [0], adding replicas [] and removing replicas []. Previous leader epoch was -1. (state.change.logger)
[2022-12-14 22:03:02,338] INFO [Broker id=0] Leader __consumer_offsets-1 with topic id Some(eqb4Pt6HR2urNEZzhhsXVQ) starts at leader epoch 0 from offset 0 with partition epoch 0, high watermark 0, ISR [0], adding replicas [] and removing replicas []. Previous leader epoch was -1. (state.change.logger)
[2022-12-14 22:03:02,346] INFO [Broker id=0] Leader __consumer_offsets-16 with topic id Some(eqb4Pt6HR2urNEZzhhsXVQ) starts at leader epoch 0 from offset 0 with partition epoch 0, high watermark 0, ISR [0], adding replicas [] and removing replicas []. Previous leader epoch was -1. (state.change.logger)
[2022-12-14 22:03:02,355] INFO [Broker id=0] Leader __consumer_offsets-2 with topic id Some(eqb4Pt6HR2urNEZzhhsXVQ) starts at leader epoch 0 from offset 0 with partition epoch 0, high watermark 0, ISR [0], adding replicas [] and removing replicas []. Previous leader epoch was -1. (state.change.logger)
[2022-12-14 22:03:02,363] INFO [Broker id=0] Leader __consumer_offsets-25 with topic id Some(eqb4Pt6HR2urNEZzhhsXVQ) starts at leader epoch 0 from offset 0 with partition epoch 0, high watermark 0, ISR [0], adding replicas [] and removing replicas []. Previous leader epoch was -1. (state.change.logger)
[2022-12-14 22:03:02,371] INFO [Broker id=0] Leader __consumer_offsets-40 with topic id Some(eqb4Pt6HR2urNEZzhhsXVQ) starts at leader epoch 0 from offset 0 with partition epoch 0, high watermark 0, ISR [0], adding replicas [] and removing replicas []. Previous leader epoch was -1. (state.change.logger)
[2022-12-14 22:03:02,380] INFO [Broker id=0] Leader __consumer_offsets-47 with topic id Some(eqb4Pt6HR2urNEZzhhsXVQ) starts at leader epoch 0 from offset 0 with partition epoch 0, high watermark 0, ISR [0], adding replicas [] and removing replicas []. Previous leader epoch was -1. (state.change.logger)
[2022-12-14 22:03:02,389] INFO [Broker id=0] Leader __consumer_offsets-17 with topic id Some(eqb4Pt6HR2urNEZzhhsXVQ) starts at leader epoch 0 from offset 0 with partition epoch 0, high watermark 0, ISR [0], adding replicas [] and removing replicas []. Previous leader epoch was -1. (state.change.logger)
[2022-12-14 22:03:02,396] INFO [Broker id=0] Leader __consumer_offsets-32 with topic id Some(eqb4Pt6HR2urNEZzhhsXVQ) starts at leader epoch 0 from offset 0 with partition epoch 0, high watermark 0, ISR [0], adding replicas [] and removing replicas []. Previous leader epoch was -1. (state.change.logger)
[2022-12-14 22:03:02,405] INFO [Broker id=0] Leader __consumer_offsets-37 with topic id Some(eqb4Pt6HR2urNEZzhhsXVQ) starts at leader epoch 0 from offset 0 with partition epoch 0, high watermark 0, ISR [0], adding replicas [] and removing replicas []. Previous leader epoch was -1. (state.change.logger)
[2022-12-14 22:03:02,413] INFO [Broker id=0] Leader __consumer_offsets-7 with topic id Some(eqb4Pt6HR2urNEZzhhsXVQ) starts at leader epoch 0 from offset 0 with partition epoch 0, high watermark 0, ISR [0], adding replicas [] and removing replicas []. Previous leader epoch was -1. (state.change.logger)
[2022-12-14 22:03:02,421] INFO [Broker id=0] Leader __consumer_offsets-22 with topic id Some(eqb4Pt6HR2urNEZzhhsXVQ) starts at leader epoch 0 from offset 1 with partition epoch 0, high watermark 1, ISR [0], adding replicas [] and removing replicas []. Previous leader epoch was -1. (state.change.logger)
[2022-12-14 22:03:02,422] INFO [Broker id=0] Leader __consumer_offsets-29 with topic id Some(eqb4Pt6HR2urNEZzhhsXVQ) starts at leader epoch 0 from offset 0 with partition epoch 0, high watermark 0, ISR [0], adding replicas [] and removing replicas []. Previous leader epoch was -1. (state.change.logger)
[2022-12-14 22:03:02,431] INFO [Broker id=0] Leader __consumer_offsets-44 with topic id Some(eqb4Pt6HR2urNEZzhhsXVQ) starts at leader epoch 0 from offset 0 with partition epoch 0, high watermark 0, ISR [0], adding replicas [] and removing replicas []. Previous leader epoch was -1. (state.change.logger)
[2022-12-14 22:03:02,439] INFO [Broker id=0] Leader __consumer_offsets-14 with topic id Some(eqb4Pt6HR2urNEZzhhsXVQ) starts at leader epoch 0 from offset 0 with partition epoch 0, high watermark 0, ISR [0], adding replicas [] and removing replicas []. Previous leader epoch was -1. (state.change.logger)
[2022-12-14 22:03:02,447] INFO [Broker id=0] Leader __consumer_offsets-23 with topic id Some(eqb4Pt6HR2urNEZzhhsXVQ) starts at leader epoch 0 from offset 0 with partition epoch 0, high watermark 0, ISR [0], adding replicas [] and removing replicas []. Previous leader epoch was -1. (state.change.logger)
[2022-12-14 22:03:02,456] INFO [Broker id=0] Leader __consumer_offsets-38 with topic id Some(eqb4Pt6HR2urNEZzhhsXVQ) starts at leader epoch 0 from offset 0 with partition epoch 0, high watermark 0, ISR [0], adding replicas [] and removing replicas []. Previous leader epoch was -1. (state.change.logger)
[2022-12-14 22:03:02,463] INFO [Broker id=0] Leader __consumer_offsets-8 with topic id Some(eqb4Pt6HR2urNEZzhhsXVQ) starts at leader epoch 0 from offset 0 with partition epoch 0, high watermark 0, ISR [0], adding replicas [] and removing replicas []. Previous leader epoch was -1. (state.change.logger)
[2022-12-14 22:03:02,471] INFO [Broker id=0] Leader __consumer_offsets-45 with topic id Some(eqb4Pt6HR2urNEZzhhsXVQ) starts at leader epoch 0 from offset 0 with partition epoch 0, high watermark 0, ISR [0], adding replicas [] and removing replicas []. Previous leader epoch was -1. (state.change.logger)
[2022-12-14 22:03:02,479] INFO [Broker id=0] Leader __consumer_offsets-15 with topic id Some(eqb4Pt6HR2urNEZzhhsXVQ) starts at leader epoch 0 from offset 0 with partition epoch 0, high watermark 0, ISR [0], adding replicas [] and removing replicas []. Previous leader epoch was -1. (state.change.logger)
[2022-12-14 22:03:02,488] INFO [Broker id=0] Leader __consumer_offsets-30 with topic id Some(eqb4Pt6HR2urNEZzhhsXVQ) starts at leader epoch 0 from offset 0 with partition epoch 0, high watermark 0, ISR [0], adding replicas [] and removing replicas []. Previous leader epoch was -1. (state.change.logger)
[2022-12-14 22:03:02,496] INFO [Broker id=0] Leader __consumer_offsets-0 with topic id Some(eqb4Pt6HR2urNEZzhhsXVQ) starts at leader epoch 0 from offset 0 with partition epoch 0, high watermark 0, ISR [0], adding replicas [] and removing replicas []. Previous leader epoch was -1. (state.change.logger)
[2022-12-14 22:03:02,504] INFO [Broker id=0] Leader __consumer_offsets-35 with topic id Some(eqb4Pt6HR2urNEZzhhsXVQ) starts at leader epoch 0 from offset 0 with partition epoch 0, high watermark 0, ISR [0], adding replicas [] and removing replicas []. Previous leader epoch was -1. (state.change.logger)
[2022-12-14 22:03:02,512] INFO [Broker id=0] Leader __consumer_offsets-5 with topic id Some(eqb4Pt6HR2urNEZzhhsXVQ) starts at leader epoch 0 from offset 0 with partition epoch 0, high watermark 0, ISR [0], adding replicas [] and removing replicas []. Previous leader epoch was -1. (state.change.logger)
[2022-12-14 22:03:02,520] INFO [Broker id=0] Leader __consumer_offsets-20 with topic id Some(eqb4Pt6HR2urNEZzhhsXVQ) starts at leader epoch 0 from offset 0 with partition epoch 0, high watermark 0, ISR [0], adding replicas [] and removing replicas []. Previous leader epoch was -1. (state.change.logger)
[2022-12-14 22:03:02,527] INFO [Broker id=0] Leader __consumer_offsets-27 with topic id Some(eqb4Pt6HR2urNEZzhhsXVQ) starts at leader epoch 0 from offset 0 with partition epoch 0, high watermark 0, ISR [0], adding replicas [] and removing replicas []. Previous leader epoch was -1. (state.change.logger)
[2022-12-14 22:03:02,535] INFO [Broker id=0] Leader __consumer_offsets-42 with topic id Some(eqb4Pt6HR2urNEZzhhsXVQ) starts at leader epoch 0 from offset 0 with partition epoch 0, high watermark 0, ISR [0], adding replicas [] and removing replicas []. Previous leader epoch was -1. (state.change.logger)
[2022-12-14 22:03:02,541] INFO [Broker id=0] Leader __consumer_offsets-12 with topic id Some(eqb4Pt6HR2urNEZzhhsXVQ) starts at leader epoch 0 from offset 0 with partition epoch 0, high watermark 0, ISR [0], adding replicas [] and removing replicas []. Previous leader epoch was -1. (state.change.logger)
[2022-12-14 22:03:02,549] INFO [Broker id=0] Leader __consumer_offsets-21 with topic id Some(eqb4Pt6HR2urNEZzhhsXVQ) starts at leader epoch 0 from offset 0 with partition epoch 0, high watermark 0, ISR [0], adding replicas [] and removing replicas []. Previous leader epoch was -1. (state.change.logger)
[2022-12-14 22:03:02,555] INFO [Broker id=0] Leader __consumer_offsets-36 with topic id Some(eqb4Pt6HR2urNEZzhhsXVQ) starts at leader epoch 0 from offset 0 with partition epoch 0, high watermark 0, ISR [0], adding replicas [] and removing replicas []. Previous leader epoch was -1. (state.change.logger)
[2022-12-14 22:03:02,562] INFO [Broker id=0] Leader __consumer_offsets-6 with topic id Some(eqb4Pt6HR2urNEZzhhsXVQ) starts at leader epoch 0 from offset 0 with partition epoch 0, high watermark 0, ISR [0], adding replicas [] and removing replicas []. Previous leader epoch was -1. (state.change.logger)
[2022-12-14 22:03:02,569] INFO [Broker id=0] Leader __consumer_offsets-43 with topic id Some(eqb4Pt6HR2urNEZzhhsXVQ) starts at leader epoch 0 from offset 0 with partition epoch 0, high watermark 0, ISR [0], adding replicas [] and removing replicas []. Previous leader epoch was -1. (state.change.logger)
[2022-12-14 22:03:02,575] INFO [Broker id=0] Leader __consumer_offsets-13 with topic id Some(eqb4Pt6HR2urNEZzhhsXVQ) starts at leader epoch 0 from offset 0 with partition epoch 0, high watermark 0, ISR [0], adding replicas [] and removing replicas []. Previous leader epoch was -1. (state.change.logger)
[2022-12-14 22:03:02,583] INFO [Broker id=0] Leader __consumer_offsets-28 with topic id Some(eqb4Pt6HR2urNEZzhhsXVQ) starts at leader epoch 0 from offset 0 with partition epoch 0, high watermark 0, ISR [0], adding replicas [] and removing replicas []. Previous leader epoch was -1. (state.change.logger)
[2022-12-14 22:03:02,638] INFO [Broker id=0] Finished LeaderAndIsr request in 493ms correlationId 1 from controller 0 for 52 partitions (state.change.logger)
[2022-12-14 22:03:02,647] INFO [Broker id=0] Add 52 partitions and deleted 0 partitions from metadata cache in response to UpdateMetadata request sent by controller 0 epoch 4 with correlation id 2 (state.change.logger)
